<?xml version="1.0" encoding="utf-8" standalone="no"?>
<!--This file represents the results of running a test suite-->
<test-results name="D:\Studia\5semestr\Efektywne tworzenie oprogramowania\projekt\Maps\bin\Release\Maps.dll" total="3" failures="0" not-run="0" date="2007-12-20" time="18:44:20">
  <environment nunit-version="2.4.3.0" clr-version="2.0.50727.832" os-version="Microsoft Windows NT 5.1.2600 Dodatek Service Pack 2" platform="Win32NT" cwd="D:\Studia\5semestr\Efektywne tworzenie oprogramowania\projekt\Maps\bin\Release" machine-name="LAPTOP" user="Acer" user-domain="LAPTOP" />
  <culture-info current-culture="pl-PL" current-uiculture="pl-PL" />
  <test-suite name="D:\Studia\5semestr\Efektywne tworzenie oprogramowania\projekt\Maps\bin\Release\Maps.dll" success="True" time="0.063" asserts="0">
    <results>
      <test-suite name="TheEarthQuake" success="True" time="0.063" asserts="0">
        <results>
          <test-suite name="Maps" success="True" time="0.063" asserts="0">
            <results>
              <test-suite name="Tests" success="True" time="0.063" asserts="0">
                <results>
                  <test-suite name="MapTests" success="True" time="0.031" asserts="0">
                    <results>
                      <test-case name="TheEarthQuake.Maps.Tests.MapTests.TestFieldSize" executed="True" success="True" time="0.016" asserts="1" />
                      <test-case name="TheEarthQuake.Maps.Tests.MapTests.TestFieldsNotNull" executed="True" success="True" time="0.000" asserts="1" />
                      <test-case name="TheEarthQuake.Maps.Tests.MapTests.TestHeightWidth" executed="True" success="True" time="0.000" asserts="1" />
                    </results>
                  </test-suite>
                </results>
              </test-suite>
            </results>
          </test-suite>
        </results>
      </test-suite>
    </results>
  </test-suite>
</test-results>